<?xml version="1.0" encoding="UTF-8"?>
<!-- Generated by org.testng.reporters.JUnitXMLReporter -->
<testsuite hostname="DESKTOP-9H7G861" ignored="3" name="Test" tests="4" failures="0" timestamp="21 Jul 2020 01:29:24 GMT" time="96.102" errors="0">
  <testcase name="signingTest" time="12.917" classname="Test.SigningPageTest"/>
  <testcase name="welcomeTest" time="16.059" classname="Test.WelcomePageTest"/>
  <testcase name="addChannelTest" time="32.988" classname="Test.ChannelPageTest"/>
  <testcase name="deleteChannelTest" time="32.962" classname="Test.DeletePageTest"/>
  <testcase name="@BeforeSuite setup" time="0.0" classname="Test.TestBase">
    <ignored/>
  </testcase> <!-- @BeforeSuite setup -->
  <testcase name="@BeforeSuite setup" time="0.0" classname="Test.TestBase">
    <ignored/>
  </testcase> <!-- @BeforeSuite setup -->
  <testcase name="@BeforeSuite setup" time="0.0" classname="Test.TestBase">
    <ignored/>
  </testcase> <!-- @BeforeSuite setup -->
</testsuite> <!-- Test -->
