<?xml version="1.0" encoding="UTF-8"?>
<testng-results skipped="0" failed="0" ignored="0" total="1" passed="1">
  <reporter-output>
  </reporter-output>
  <suite name="Default suite" duration-ms="35993" started-at="2020-07-28T02:51:01Z" finished-at="2020-07-28T02:51:37Z">
    <groups>
    </groups>
    <test name="Default test" duration-ms="35993" started-at="2020-07-28T02:51:01Z" finished-at="2020-07-28T02:51:37Z">
      <class name="Test.SkipPageTest">
        <test-method status="PASS" signature="setup()[pri:0, instance:Test.SkipPageTest@2b6856dd]" name="setup" is-config="true" duration-ms="7290" started-at="2020-07-28T02:50:53Z" finished-at="2020-07-28T02:51:01Z">
          <reporter-output>
          </reporter-output>
        </test-method> <!-- setup -->
        <test-method status="PASS" signature="skipPageTest()[pri:0, instance:Test.SkipPageTest@2b6856dd]" name="skipPageTest" duration-ms="35966" started-at="2020-07-28T02:51:01Z" finished-at="2020-07-28T02:51:37Z">
          <reporter-output>
          </reporter-output>
        </test-method> <!-- skipPageTest -->
      </class> <!-- Test.SkipPageTest -->
    </test> <!-- Default test -->
  </suite> <!-- Default suite -->
</testng-results>
